# JRE version: Java(TM) SE Runtime Environment (8.0_271-b09) (build 1.8.0_271-b09)
# Java VM: Java HotSpot(TM) 64-Bit Server VM (25.271-b09 mixed mode windows-amd64 compressed oops)
Heap:
 PSYoungGen      total 14336K, used 11607K [0x00000000f0180000, 0x00000000f1680000, 0x0000000100000000)
  eden space 12288K, 77% used [0x00000000f0180000,0x00000000f0ad7e48,0x00000000f0d80000)
  from space 2048K, 99% used [0x00000000f0d80000,0x00000000f0f7e010,0x00000000f0f80000)
  to   space 4608K, 0% used [0x00000000f1200000,0x00000000f1200000,0x00000000f1680000)
 ParOldGen       total 32768K, used 5398K [0x00000000d0400000, 0x00000000d2400000, 0x00000000f0180000)
  object space 32768K, 16% used [0x00000000d0400000,0x00000000d09459f0,0x00000000d2400000)
 Metaspace       used 15502K, capacity 16186K, committed 16256K, reserved 1062912K
  class space    used 1950K, capacity 2107K, committed 2176K, reserved 1048576K
GC Heap History (10 events):
Event: 1.489 GC heap before
{Heap before GC invocations=1 (full 0):
 PSYoungGen      total 14336K, used 12288K [0x00000000f0180000, 0x00000000f1180000, 0x0000000100000000)
  eden space 12288K, 100% used [0x00000000f0180000,0x00000000f0d80000,0x00000000f0d80000)
  from space 2048K, 0% used [0x00000000f0f80000,0x00000000f0f80000,0x00000000f1180000)
  to   space 2048K, 0% used [0x00000000f0d80000,0x00000000f0d80000,0x00000000f0f80000)
 ParOldGen       total 32768K, used 0K [0x00000000d0400000, 0x00000000d2400000, 0x00000000f0180000)
  object space 32768K, 0% used [0x00000000d0400000,0x00000000d0400000,0x00000000d2400000)
 Metaspace       used 5871K, capacity 5994K, committed 6144K, reserved 1056768K
  class space    used 617K, capacity 647K, committed 768K, reserved 1048576K
Event: 1.492 GC heap after
Heap after GC invocations=1 (full 0):
 PSYoungGen      total 14336K, used 2032K [0x00000000f0180000, 0x00000000f1180000, 0x0000000100000000)
  eden space 12288K, 0% used [0x00000000f0180000,0x00000000f0180000,0x00000000f0d80000)
  from space 2048K, 99% used [0x00000000f0d80000,0x00000000f0f7c358,0x00000000f0f80000)
  to   space 2048K, 0% used [0x00000000f0f80000,0x00000000f0f80000,0x00000000f1180000)
 ParOldGen       total 32768K, used 262K [0x00000000d0400000, 0x00000000d2400000, 0x00000000f0180000)
  object space 32768K, 0% used [0x00000000d0400000,0x00000000d0441b50,0x00000000d2400000)
 Metaspace       used 5871K, capacity 5994K, committed 6144K, reserved 1056768K
  class space    used 617K, capacity 647K, committed 768K, reserved 1048576K
}
Event: 2.046 GC heap before
{Heap before GC invocations=2 (full 0):
 PSYoungGen      total 14336K, used 14320K [0x00000000f0180000, 0x00000000f1180000, 0x0000000100000000)
  eden space 12288K, 100% used [0x00000000f0180000,0x00000000f0d80000,0x00000000f0d80000)
  from space 2048K, 99% used [0x00000000f0d80000,0x00000000f0f7c358,0x00000000f0f80000)
  to   space 2048K, 0% used [0x00000000f0f80000,0x00000000f0f80000,0x00000000f1180000)
 ParOldGen       total 32768K, used 262K [0x00000000d0400000, 0x00000000d2400000, 0x00000000f0180000)
  object space 32768K, 0% used [0x00000000d0400000,0x00000000d0441b50,0x00000000d2400000)
 Metaspace       used 8278K, capacity 8540K, committed 8704K, reserved 1056768K
  class space    used 954K, capacity 1024K, committed 1024K, reserved 1048576K
Event: 2.050 GC heap after
Heap after GC invocations=2 (full 0):
 PSYoungGen      total 14336K, used 2043K [0x00000000f0180000, 0x00000000f1180000, 0x0000000100000000)
  eden space 12288K, 0% used [0x00000000f0180000,0x00000000f0180000,0x00000000f0d80000)
  from space 2048K, 99% used [0x00000000f0f80000,0x00000000f117ef18,0x00000000f1180000)
  to   space 2048K, 0% used [0x00000000f0d80000,0x00000000f0d80000,0x00000000f0f80000)
 ParOldGen       total 32768K, used 1128K [0x00000000d0400000, 0x00000000d2400000, 0x00000000f0180000)
  object space 32768K, 3% used [0x00000000d0400000,0x00000000d051a1f0,0x00000000d2400000)
 Metaspace       used 8278K, capacity 8540K, committed 8704K, reserved 1056768K
  class space    used 954K, capacity 1024K, committed 1024K, reserved 1048576K
}
Event: 3.086 GC heap before
{Heap before GC invocations=3 (full 0):
 PSYoungGen      total 14336K, used 14331K [0x00000000f0180000, 0x00000000f1180000, 0x0000000100000000)
  eden space 12288K, 100% used [0x00000000f0180000,0x00000000f0d80000,0x00000000f0d80000)
  from space 2048K, 99% used [0x00000000f0f80000,0x00000000f117ef18,0x00000000f1180000)
  to   space 2048K, 0% used [0x00000000f0d80000,0x00000000f0d80000,0x00000000f0f80000)
 ParOldGen       total 32768K, used 1128K [0x00000000d0400000, 0x00000000d2400000, 0x00000000f0180000)
  object space 32768K, 3% used [0x00000000d0400000,0x00000000d051a1f0,0x00000000d2400000)
 Metaspace       used 10362K, capacity 10794K, committed 10880K, reserved 1058816K
  class space    used 1214K, capacity 1325K, committed 1408K, reserved 1048576K
Event: 3.093 GC heap after
Heap after GC invocations=3 (full 0):
 PSYoungGen      total 14336K, used 2040K [0x00000000f0180000, 0x00000000f1180000, 0x0000000100000000)
  eden space 12288K, 0% used [0x00000000f0180000,0x00000000f0180000,0x00000000f0d80000)
  from space 2048K, 99% used [0x00000000f0d80000,0x00000000f0f7e010,0x00000000f0f80000)
  to   space 2048K, 0% used [0x00000000f0f80000,0x00000000f0f80000,0x00000000f1180000)
 ParOldGen       total 32768K, used 2473K [0x00000000d0400000, 0x00000000d2400000, 0x00000000f0180000)
  object space 32768K, 7% used [0x00000000d0400000,0x00000000d066a508,0x00000000d2400000)
 Metaspace       used 10362K, capacity 10794K, committed 10880K, reserved 1058816K
  class space    used 1214K, capacity 1325K, committed 1408K, reserved 1048576K
}
Event: 3.443 GC heap before
{Heap before GC invocations=4 (full 0):
 PSYoungGen      total 14336K, used 14328K [0x00000000f0180000, 0x00000000f1180000, 0x0000000100000000)
  eden space 12288K, 100% used [0x00000000f0180000,0x00000000f0d80000,0x00000000f0d80000)
  from space 2048K, 99% used [0x00000000f0d80000,0x00000000f0f7e010,0x00000000f0f80000)
  to   space 2048K, 0% used [0x00000000f0f80000,0x00000000f0f80000,0x00000000f1180000)
 ParOldGen       total 32768K, used 2473K [0x00000000d0400000, 0x00000000d2400000, 0x00000000f0180000)
  object space 32768K, 7% used [0x00000000d0400000,0x00000000d066a508,0x00000000d2400000)
 Metaspace       used 11991K, capacity 12550K, committed 12928K, reserved 1060864K
  class space    used 1450K, capacity 1573K, committed 1664K, reserved 1048576K
Event: 3.451 GC heap after
Heap after GC invocations=4 (full 0):
 PSYoungGen      total 14336K, used 2040K [0x00000000f0180000, 0x00000000f1180000, 0x0000000100000000)
  eden space 12288K, 0% used [0x00000000f0180000,0x00000000f0180000,0x00000000f0d80000)
  from space 2048K, 99% used [0x00000000f0f80000,0x00000000f117e010,0x00000000f1180000)
  to   space 2048K, 0% used [0x00000000f0d80000,0x00000000f0d80000,0x00000000f0f80000)
 ParOldGen       total 32768K, used 3924K [0x00000000d0400000, 0x00000000d2400000, 0x00000000f0180000)
  object space 32768K, 11% used [0x00000000d0400000,0x00000000d07d51a0,0x00000000d2400000)
 Metaspace       used 11991K, capacity 12550K, committed 12928K, reserved 1060864K
  class space    used 1450K, capacity 1573K, committed 1664K, reserved 1048576K
}
Event: 3.913 GC heap before
{Heap before GC invocations=5 (full 0):
 PSYoungGen      total 14336K, used 14328K [0x00000000f0180000, 0x00000000f1180000, 0x0000000100000000)
  eden space 12288K, 100% used [0x00000000f0180000,0x00000000f0d80000,0x00000000f0d80000)
  from space 2048K, 99% used [0x00000000f0f80000,0x00000000f117e010,0x00000000f1180000)
  to   space 2048K, 0% used [0x00000000f0d80000,0x00000000f0d80000,0x00000000f0f80000)
 ParOldGen       total 32768K, used 3924K [0x00000000d0400000, 0x00000000d2400000, 0x00000000f0180000)
  object space 32768K, 11% used [0x00000000d0400000,0x00000000d07d51a0,0x00000000d2400000)
 Metaspace       used 13675K, capacity 14304K, committed 14464K, reserved 1062912K
  class space    used 1697K, capacity 1844K, committed 1920K, reserved 1048576K
Event: 3.917 GC heap after
Heap after GC invocations=5 (full 0):
 PSYoungGen      total 14336K, used 2040K [0x00000000f0180000, 0x00000000f1680000, 0x0000000100000000)
  eden space 12288K, 0% used [0x00000000f0180000,0x00000000f0180000,0x00000000f0d80000)
  from space 2048K, 99% used [0x00000000f0d80000,0x00000000f0f7e010,0x00000000f0f80000)
  to   space 4608K, 0% used [0x00000000f1200000,0x00000000f1200000,0x00000000f1680000)
 ParOldGen       total 32768K, used 5398K [0x00000000d0400000, 0x00000000d2400000, 0x00000000f0180000)
  object space 32768K, 16% used [0x00000000d0400000,0x00000000d09459f0,0x00000000d2400000)
 Metaspace       used 13675K, capacity 14304K, committed 14464K, reserved 1062912K
  class space    used 1697K, capacity 1844K, committed 1920K, reserved 1048576K
}

